2026-06-03 22:23:25  Class: 2A12
2026-06-03 22:23:25  
======================================================================
2026-06-03 22:23:25  Download Options:
2026-06-03 22:23:25    [1] Files only (PDFs, docx, etc.)
2026-06-03 22:23:25    [2] Files + HTML pages (complete backup, images embedded)
2026-06-03 22:23:25  ======================================================================
2026-06-03 22:23:59  
======================================================================
2026-06-03 22:23:59  Course Selection:
2026-06-03 22:23:59    [a] Download ALL courses
2026-06-03 22:23:59    [#] Course number
2026-06-03 22:23:59    [q] Quit
2026-06-03 22:23:59  ======================================================================
2026-06-03 22:24:11  
======================================================================
2026-06-03 22:24:11  Downloading: Stage de formation humaine et sociale__2A12
2026-06-03 22:24:11  Mode: PDFs Only
2026-06-03 22:24:11  ======================================================================

2026-06-03 22:24:11  Saving to: /home/lain/Desktop/BB-archiver-esprit/2A12/Stage de formation humaine et sociale__2A12
2026-06-03 22:24:11  
======================================================================
2026-06-03 22:24:11  Done: Stage de formation humaine et sociale__2A12
2026-06-03 22:24:11    ✓ API Attachments : 0
2026-06-03 22:24:11    ✓ Embedded Files  : 0
2026-06-03 22:24:11    Total             : 0
2026-06-03 22:24:11    ⚠ Skipped         : 0
2026-06-03 22:24:11    ✗ Errors          : 0
2026-06-03 22:24:11  ======================================================================

2026-06-03 22:24:11  
======================================================================
2026-06-03 22:24:11  SUMMARY [2A12] — 1 course(s)
2026-06-03 22:24:11    API Attachments  : 0
2026-06-03 22:24:11    Embedded Files   : 0
2026-06-03 22:24:11    HTML Pages       : 0
2026-06-03 22:24:11    Total files      : 0
2026-06-03 22:24:11    Errors           : 0
2026-06-03 22:24:11    Time             : 46s
2026-06-03 22:24:11  ======================================================================
2026-06-03 22:24:11  
Done! Files -> /home/lain/Desktop/BB-archiver-esprit/2A12/
2026-06-03 22:24:11  Log         -> ./logs/download_20260603_222325_2A12.log
